<?xml version="1.0" encoding="UTF-8"?>
<testsuite xmlns:xsi="http://www.w3.org/2001/XMLSchema-instance" xsi:noNamespaceSchemaLocation="https://maven.apache.org/surefire/maven-surefire-plugin/xsd/surefire-test-report-3.0.xsd" version="3.0" name="com.example.AppTest" time="0.01" tests="1" errors="0" skipped="0" failures="0">
  <properties>
    <property name="java.specification.version" value="17"/>
    <property name="sun.cpu.isalist" value="amd64"/>
    <property name="sun.jnu.encoding" value="Cp1252"/>
    <property name="java.class.path" value="C:\Users\bogpet2n\OneDrive - SPLM\Desktop\PersonalFiles\ORM\ConnectionArtifact\ConnectionPackage\target\test-classes;C:\Users\bogpet2n\OneDrive - SPLM\Desktop\PersonalFiles\ORM\ConnectionArtifact\ConnectionPackage\target\classes;C:\Users\bogpet2n\.m2\repository\junit\junit\3.8.1\junit-3.8.1.jar;"/>
    <property name="java.vm.vendor" value="Oracle Corporation"/>
    <property name="sun.arch.data.model" value="64"/>
    <property name="user.variant" value=""/>
    <property name="java.vendor.url" value="https://java.oracle.com/"/>
    <property name="user.timezone" value="Europe/Chisinau"/>
    <property name="os.name" value="Windows 10"/>
    <property name="java.vm.specification.version" value="17"/>
    <property name="sun.java.launcher" value="SUN_STANDARD"/>
    <property name="user.country" value="US"/>
    <property name="sun.boot.library.path" value="C:\Users\bogpet2n\OneDrive - SPLM\Desktop\PersonalFiles\JDK17\JDK17\bin"/>
    <property name="sun.java.command" value="C:\Users\bogpet2n\AppData\Local\Temp\surefire9885081097239594163\surefirebooter-20230615150702746_3.jar C:\Users\bogpet2n\AppData\Local\Temp\surefire9885081097239594163 2023-06-15T15-07-02_344-jvmRun1 surefire-20230615150702746_1tmp surefire_0-20230615150702746_2tmp"/>
    <property name="jdk.debug" value="release"/>
    <property name="surefire.test.class.path" value="C:\Users\bogpet2n\OneDrive - SPLM\Desktop\PersonalFiles\ORM\ConnectionArtifact\ConnectionPackage\target\test-classes;C:\Users\bogpet2n\OneDrive - SPLM\Desktop\PersonalFiles\ORM\ConnectionArtifact\ConnectionPackage\target\classes;C:\Users\bogpet2n\.m2\repository\junit\junit\3.8.1\junit-3.8.1.jar;"/>
    <property name="sun.cpu.endian" value="little"/>
    <property name="user.home" value="C:\Users\bogpet2n"/>
    <property name="user.language" value="en"/>
    <property name="java.specification.vendor" value="Oracle Corporation"/>
    <property name="java.version.date" value="2022-01-18"/>
    <property name="java.home" value="C:\Users\bogpet2n\OneDrive - SPLM\Desktop\PersonalFiles\JDK17\JDK17"/>
    <property name="file.separator" value="\"/>
    <property name="basedir" value="C:\Users\bogpet2n\OneDrive - SPLM\Desktop\PersonalFiles\ORM\ConnectionArtifact\ConnectionPackage"/>
    <property name="java.vm.compressedOopsMode" value="Zero based"/>
    <property name="line.separator" value="&#10;"/>
    <property name="java.vm.specification.vendor" value="Oracle Corporation"/>
    <property name="java.specification.name" value="Java Platform API Specification"/>
    <property name="surefire.real.class.path" value="C:\Users\bogpet2n\AppData\Local\Temp\surefire9885081097239594163\surefirebooter-20230615150702746_3.jar"/>
    <property name="user.script" value=""/>
    <property name="sun.management.compiler" value="HotSpot 64-Bit Tiered Compilers"/>
    <property name="java.runtime.version" value="17.0.2+8-86"/>
    <property name="user.name" value="bogpet2n"/>
    <property name="path.separator" value=";"/>
    <property name="os.version" value="10.0"/>
    <property name="java.runtime.name" value="OpenJDK Runtime Environment"/>
    <property name="file.encoding" value="Cp1252"/>
    <property name="java.vm.name" value="OpenJDK 64-Bit Server VM"/>
    <property name="localRepository" value="C:\Users\bogpet2n\.m2\repository"/>
    <property name="java.vendor.url.bug" value="https://bugreport.java.com/bugreport/"/>
    <property name="java.io.tmpdir" value="C:\Users\bogpet2n\AppData\Local\Temp\"/>
    <property name="java.version" value="17.0.2"/>
    <property name="user.dir" value="C:\Users\bogpet2n\OneDrive - SPLM\Desktop\PersonalFiles\ORM\ConnectionArtifact\ConnectionPackage"/>
    <property name="os.arch" value="amd64"/>
    <property name="java.vm.specification.name" value="Java Virtual Machine Specification"/>
    <property name="sun.os.patch.level" value=""/>
    <property name="native.encoding" value="Cp1252"/>
    <property name="java.library.path" value="C:\Users\bogpet2n\OneDrive - SPLM\Desktop\PersonalFiles\JDK17\JDK17\bin;C:\WINDOWS\Sun\Java\bin;C:\WINDOWS\system32;C:\WINDOWS;C:\Program Files\Common Files\Oracle\Java\javapath;C:\Program Files (x86)\Common Files\Oracle\Java\javapath;C:\apps\Python311\Scripts\;C:\apps\Python311\;C:\Apps\cygwin64\bin;C:\apps\Python37\Scripts\;C:\apps\Python37\;C:\Program Files\CollabNet\Subversion Client;C:\WINDOWS\system32;C:\WINDOWS;C:\WINDOWS\System32\Wbem;C:\WINDOWS\System32\WindowsPowerShell\v1.0\;C:\WINDOWS\System32\OpenSSH\;C:\Program Files\Zulu\zulu-8-jre\bin;C:\Program Files\dotnet\;C:\Apps\TortoiseHg\;C:\Program Files\IcedTeaWeb\WebStart\bin;C:\Program Files\TortoiseSVN\bin;C:\Program Files\CMake\bin;C:\Program Files\WindowsPowerShell\Scripts\HP.ClientScriptLibrary;C:\Users\bogpet2n\OneDrive - SPLM\Desktop\PersonalFiles\JDK17\JDK17\bin;C:\Users\bogpet2n\OneDrive - SPLM\Desktop\PersonalFiles\apache-maven-3.9.2-bin\apache-maven-3.9.2\bin;C:\Program Files\Conan\conan;C:\Users\bogpet2n\AppData\Local\Microsoft\WindowsApps;C:\Users\bogpet2n\.dotnet\tools;C:\apps\cygwin64\bin;C:\Apps\SIDEkick\;."/>
    <property name="java.vm.info" value="mixed mode, sharing"/>
    <property name="java.vendor" value="Oracle Corporation"/>
    <property name="java.vm.version" value="17.0.2+8-86"/>
    <property name="sun.io.unicode.encoding" value="UnicodeLittle"/>
    <property name="java.class.version" value="61.0"/>
  </properties>
  <testcase name="testApp" classname="com.example.AppTest" time="0.002"/>
</testsuite>